{"C:\\Users\\Luka\\Exercism\\typescript\\two-fer\\two-fer.ts": {"path":"C:\\Users\\Luka\\Exercism\\typescript\\two-fer\\two-fer.ts","statementMap":{"0":{"start":{"line":3,"column":4},"end":{"line":3,"column":51}},"1":{"start":{"line":7,"column":0},"end":{"line":7,"column":22}}},"fnMap":{"0":{"name":"(anonymous_0)","decl":{"start":{"line":2,"column":9},"end":{"line":2,"column":15}},"loc":{"start":{"line":2,"column":36},"end":{"line":4,"column":3}}}},"branchMap":{"0":{"loc":{"start":{"line":3,"column":22},"end":{"line":3,"column":26}},"type":"binary-expr","locations":[{"start":{"line":3,"column":22},"end":{"line":3,"column":26}},{"start":{"line":3,"column":30},"end":{"line":3,"column":35}}]}},"s":{"0":3,"1":1},"f":{"0":3},"b":{"0":[3,1]}}
}
